<?xml version="1.0" encoding="UTF-8"?>
<!-- Generated by org.testng.reporters.JUnitXMLReporter -->
<testsuite ignored="0" hostname="Sumit" failures="2" tests="2" name="firefoxtesting" time="25.283" errors="0" timestamp="2025-08-31T20:19:33 IST">
  <testcase classname="io.cucumber.testng.AbstractTestNGCucumberTests" name="runScenario" time="13.287">
    <failure type="org.openqa.selenium.ElementClickInterceptedException" message="Element &amp;lt;a class=&amp;quot;sc-1or3vea-21 hxCjFQ&amp;quot; href=&amp;quot;/giftcards&amp;quot;&amp;gt; is not clickable at point (1195,84) because another element &amp;lt;div class=&amp;quot;sc-1j4wkcy-0 dDhfvt&amp;quot;&amp;gt; obscures it
Build info: version: &amp;apos;4.35.0&amp;apos;, revision: &amp;apos;1c58e5028b&amp;apos;
System info: os.name: &amp;apos;Windows 11&amp;apos;, os.arch: &amp;apos;amd64&amp;apos;, os.version: &amp;apos;10.0&amp;apos;, java.version: &amp;apos;24.0.1&amp;apos;
Driver info: org.openqa.selenium.firefox.FirefoxDriver
Command: [af0fff35-81ad-459d-85f1-df10c1fda62f, clickElement {id=cd5731e1-b03c-4399-b148-0dc58c66a4c5}]
Capabilities {acceptInsecureCerts: true, browserName: firefox, browserVersion: 142.0.1, moz:accessibilityChecks: false, moz:buildID: 20250827004350, moz:geckodriverVersion: 0.36.0, moz:headless: false, moz:platformVersion: 10.0, moz:processID: 14544, moz:profile: C:\Users\sumit\AppData\Loca..., moz:shutdownTimeout: 60000, moz:webdriverClick: true, moz:windowless: false, pageLoadStrategy: normal, platformName: windows, proxy: Proxy(), setWindowRect: true, strictFileInteractability: false, timeouts: {implicit: 0, pageLoad: 300000, script: 30000}, unhandledPromptBehavior: dismiss and notify, userAgent: Mozilla/5.0 (Windows NT 10....}
Element: [[FirefoxDriver: firefox on windows (af0fff35-81ad-459d-85f1-df10c1fda62f)] -&amp;gt; xpath: (//a[text()=&amp;apos;ListYourShow&amp;apos;]/following-sibling::a)[3]]
Session ID: af0fff35-81ad-459d-85f1-df10c1fda62f">
      <![CDATA[org.openqa.selenium.ElementClickInterceptedException: Element <a class="sc-1or3vea-21 hxCjFQ" href="/giftcards"> is not clickable at point (1195,84) because another element <div class="sc-1j4wkcy-0 dDhfvt"> obscures it
Build info: version: '4.35.0', revision: '1c58e5028b'
System info: os.name: 'Windows 11', os.arch: 'amd64', os.version: '10.0', java.version: '24.0.1'
Driver info: org.openqa.selenium.firefox.FirefoxDriver
Command: [af0fff35-81ad-459d-85f1-df10c1fda62f, clickElement {id=cd5731e1-b03c-4399-b148-0dc58c66a4c5}]
Capabilities {acceptInsecureCerts: true, browserName: firefox, browserVersion: 142.0.1, moz:accessibilityChecks: false, moz:buildID: 20250827004350, moz:geckodriverVersion: 0.36.0, moz:headless: false, moz:platformVersion: 10.0, moz:processID: 14544, moz:profile: C:\Users\sumit\AppData\Loca..., moz:shutdownTimeout: 60000, moz:webdriverClick: true, moz:windowless: false, pageLoadStrategy: normal, platformName: windows, proxy: Proxy(), setWindowRect: true, strictFileInteractability: false, timeouts: {implicit: 0, pageLoad: 300000, script: 30000}, unhandledPromptBehavior: dismiss and notify, userAgent: Mozilla/5.0 (Windows NT 10....}
Element: [[FirefoxDriver: firefox on windows (af0fff35-81ad-459d-85f1-df10c1fda62f)] -> xpath: (//a[text()='ListYourShow']/following-sibling::a)[3]]
Session ID: af0fff35-81ad-459d-85f1-df10c1fda62f
at org.openqa.selenium.remote.ErrorCodec.decode(ErrorCodec.java:167)
at org.openqa.selenium.remote.codec.w3c.W3CHttpResponseCodec.decode(W3CHttpResponseCodec.java:138)
at org.openqa.selenium.remote.codec.w3c.W3CHttpResponseCodec.decode(W3CHttpResponseCodec.java:50)
at org.openqa.selenium.remote.HttpCommandExecutor.execute(HttpCommandExecutor.java:215)
at org.openqa.selenium.remote.service.DriverCommandExecutor.invokeExecute(DriverCommandExecutor.java:216)
at org.openqa.selenium.remote.service.DriverCommandExecutor.execute(DriverCommandExecutor.java:174)
at org.openqa.selenium.remote.RemoteWebDriver.execute(RemoteWebDriver.java:557)
at org.openqa.selenium.remote.RemoteWebElement.execute(RemoteWebElement.java:223)
at org.openqa.selenium.remote.RemoteWebElement.click(RemoteWebElement.java:76)
at org.openqa.selenium.support.pagefactory.internal.LocatingElementHandler.invoke(LocatingElementHandler.java:51)
at jdk.proxy2/jdk.proxy2.$Proxy24.click(Unknown Source)
at pages.GiftCard.navigateToGiftCardSection(GiftCard.java:54)
at stepDefinitions.GiftCardSteps.user_navigate_to_the_section(GiftCardSteps.java:41)
at ✽.User navigate to the gift card section(file:///C:/Users/sumit/eclipse-workspace/Capstone_project/features/giftcard.feature:9)
... Removed 5 stack frames]]>
    </failure>
  </testcase> <!-- runScenario -->
  <testcase classname="io.cucumber.testng.AbstractTestNGCucumberTests" name="runScenario" time="11.09">
    <failure type="org.openqa.selenium.ElementClickInterceptedException" message="Element &amp;lt;a class=&amp;quot;sc-1or3vea-21 hxCjFQ&amp;quot; href=&amp;quot;/giftcards&amp;quot;&amp;gt; is not clickable at point (1195,84) because another element &amp;lt;div class=&amp;quot;sc-1j4wkcy-0 dDhfvt&amp;quot;&amp;gt; obscures it
Build info: version: &amp;apos;4.35.0&amp;apos;, revision: &amp;apos;1c58e5028b&amp;apos;
System info: os.name: &amp;apos;Windows 11&amp;apos;, os.arch: &amp;apos;amd64&amp;apos;, os.version: &amp;apos;10.0&amp;apos;, java.version: &amp;apos;24.0.1&amp;apos;
Driver info: org.openqa.selenium.firefox.FirefoxDriver
Command: [5e7c3012-7c05-4968-a956-03da15d5e9f1, clickElement {id=66bde7ba-ae73-48ef-8caa-8413f6ac9240}]
Capabilities {acceptInsecureCerts: true, browserName: firefox, browserVersion: 142.0.1, moz:accessibilityChecks: false, moz:buildID: 20250827004350, moz:geckodriverVersion: 0.36.0, moz:headless: false, moz:platformVersion: 10.0, moz:processID: 5548, moz:profile: C:\Users\sumit\AppData\Loca..., moz:shutdownTimeout: 60000, moz:webdriverClick: true, moz:windowless: false, pageLoadStrategy: normal, platformName: windows, proxy: Proxy(), setWindowRect: true, strictFileInteractability: false, timeouts: {implicit: 0, pageLoad: 300000, script: 30000}, unhandledPromptBehavior: dismiss and notify, userAgent: Mozilla/5.0 (Windows NT 10....}
Element: [[FirefoxDriver: firefox on windows (5e7c3012-7c05-4968-a956-03da15d5e9f1)] -&amp;gt; xpath: (//a[text()=&amp;apos;ListYourShow&amp;apos;]/following-sibling::a)[3]]
Session ID: 5e7c3012-7c05-4968-a956-03da15d5e9f1">
      <![CDATA[org.openqa.selenium.ElementClickInterceptedException: Element <a class="sc-1or3vea-21 hxCjFQ" href="/giftcards"> is not clickable at point (1195,84) because another element <div class="sc-1j4wkcy-0 dDhfvt"> obscures it
Build info: version: '4.35.0', revision: '1c58e5028b'
System info: os.name: 'Windows 11', os.arch: 'amd64', os.version: '10.0', java.version: '24.0.1'
Driver info: org.openqa.selenium.firefox.FirefoxDriver
Command: [5e7c3012-7c05-4968-a956-03da15d5e9f1, clickElement {id=66bde7ba-ae73-48ef-8caa-8413f6ac9240}]
Capabilities {acceptInsecureCerts: true, browserName: firefox, browserVersion: 142.0.1, moz:accessibilityChecks: false, moz:buildID: 20250827004350, moz:geckodriverVersion: 0.36.0, moz:headless: false, moz:platformVersion: 10.0, moz:processID: 5548, moz:profile: C:\Users\sumit\AppData\Loca..., moz:shutdownTimeout: 60000, moz:webdriverClick: true, moz:windowless: false, pageLoadStrategy: normal, platformName: windows, proxy: Proxy(), setWindowRect: true, strictFileInteractability: false, timeouts: {implicit: 0, pageLoad: 300000, script: 30000}, unhandledPromptBehavior: dismiss and notify, userAgent: Mozilla/5.0 (Windows NT 10....}
Element: [[FirefoxDriver: firefox on windows (5e7c3012-7c05-4968-a956-03da15d5e9f1)] -> xpath: (//a[text()='ListYourShow']/following-sibling::a)[3]]
Session ID: 5e7c3012-7c05-4968-a956-03da15d5e9f1
at org.openqa.selenium.remote.ErrorCodec.decode(ErrorCodec.java:167)
at org.openqa.selenium.remote.codec.w3c.W3CHttpResponseCodec.decode(W3CHttpResponseCodec.java:138)
at org.openqa.selenium.remote.codec.w3c.W3CHttpResponseCodec.decode(W3CHttpResponseCodec.java:50)
at org.openqa.selenium.remote.HttpCommandExecutor.execute(HttpCommandExecutor.java:215)
at org.openqa.selenium.remote.service.DriverCommandExecutor.invokeExecute(DriverCommandExecutor.java:216)
at org.openqa.selenium.remote.service.DriverCommandExecutor.execute(DriverCommandExecutor.java:174)
at org.openqa.selenium.remote.RemoteWebDriver.execute(RemoteWebDriver.java:557)
at org.openqa.selenium.remote.RemoteWebElement.execute(RemoteWebElement.java:223)
at org.openqa.selenium.remote.RemoteWebElement.click(RemoteWebElement.java:76)
at org.openqa.selenium.support.pagefactory.internal.LocatingElementHandler.invoke(LocatingElementHandler.java:51)
at jdk.proxy2/jdk.proxy2.$Proxy24.click(Unknown Source)
at pages.GiftCard.navigateToGiftCardSection(GiftCard.java:54)
at stepDefinitions.GiftCardSteps.user_navigate_to_the_section(GiftCardSteps.java:41)
at ✽.User navigate to the gift card section(file:///C:/Users/sumit/eclipse-workspace/Capstone_project/features/giftcard.feature:18)
... Removed 5 stack frames]]>
    </failure>
  </testcase> <!-- runScenario -->
</testsuite> <!-- firefoxtesting -->
