<?xml version="1.0" encoding="UTF-8"?>
<testng-results ignored="0" total="22" passed="22" failed="0" skipped="0">
  <reporter-output>
  </reporter-output>
  <suite started-at="2025-08-31T18:43:15 IST" name="Suite" finished-at="2025-08-31T18:46:52 IST" duration-ms="217318">
    <groups>
      <group name="cucumber">
        <method signature="AbstractTestNGCucumberTests.runScenario(io.cucumber.testng.PickleWrapper,io.cucumber.testng.FeatureWrapper)[pri:0, instance:runner.runner@51399530]" name="runScenario" class="io.cucumber.testng.AbstractTestNGCucumberTests"/>
        <method signature="AbstractTestNGCucumberTests.runScenario(io.cucumber.testng.PickleWrapper,io.cucumber.testng.FeatureWrapper)[pri:0, instance:runner.runner@6ed3ccb2]" name="runScenario" class="io.cucumber.testng.AbstractTestNGCucumberTests"/>
      </group> <!-- cucumber -->
    </groups>
    <test started-at="2025-08-31T18:43:15 IST" name="chromeTest" finished-at="2025-08-31T18:44:57 IST" duration-ms="102889">
      <class name="runner.runner">
        <test-method is-config="true" signature="setUpClass(org.testng.ITestContext)[pri:0, instance:runner.runner@51399530]" started-at="2025-08-31T18:43:15 IST" name="setUpClass" finished-at="2025-08-31T18:43:15 IST" duration-ms="907" status="PASS">
          <params>
            <param index="0">
              <value>
                <![CDATA[org.testng.TestRunner@762cdf46]]>
              </value>
            </param>
          </params>
          <reporter-output>
          </reporter-output>
        </test-method> <!-- setUpClass -->
        <test-method signature="runScenario(io.cucumber.testng.PickleWrapper,io.cucumber.testng.FeatureWrapper)[pri:0, instance:runner.runner@51399530]" started-at="2025-08-31T18:43:16 IST" name="runScenario" description="Runs Cucumber Scenarios" data-provider="scenarios" finished-at="2025-08-31T18:43:25 IST" duration-ms="9361" status="PASS">
          <params>
            <param index="0">
              <value>
                <![CDATA["Searching with a valid city name"]]>
              </value>
            </param>
            <param index="1">
              <value>
                <![CDATA["City Selection Functionality"]]>
              </value>
            </param>
          </params>
          <reporter-output>
          </reporter-output>
        </test-method> <!-- runScenario -->
        <test-method signature="runScenario(io.cucumber.testng.PickleWrapper,io.cucumber.testng.FeatureWrapper)[pri:0, instance:runner.runner@51399530]" started-at="2025-08-31T18:43:25 IST" name="runScenario" description="Runs Cucumber Scenarios" data-provider="scenarios" finished-at="2025-08-31T18:43:32 IST" duration-ms="6864" status="PASS">
          <params>
            <param index="0">
              <value>
                <![CDATA["Searching with an invalid city name"]]>
              </value>
            </param>
            <param index="1">
              <value>
                <![CDATA["City Selection Functionality"]]>
              </value>
            </param>
          </params>
          <reporter-output>
          </reporter-output>
        </test-method> <!-- runScenario -->
        <test-method signature="runScenario(io.cucumber.testng.PickleWrapper,io.cucumber.testng.FeatureWrapper)[pri:0, instance:runner.runner@51399530]" started-at="2025-08-31T18:43:32 IST" name="runScenario" description="Runs Cucumber Scenarios" data-provider="scenarios" finished-at="2025-08-31T18:43:38 IST" duration-ms="6062" status="PASS">
          <params>
            <param index="0">
              <value>
                <![CDATA["Selecting a city by clicking its shortcut icon"]]>
              </value>
            </param>
            <param index="1">
              <value>
                <![CDATA["City Selection Functionality"]]>
              </value>
            </param>
          </params>
          <reporter-output>
          </reporter-output>
        </test-method> <!-- runScenario -->
        <test-method signature="runScenario(io.cucumber.testng.PickleWrapper,io.cucumber.testng.FeatureWrapper)[pri:0, instance:runner.runner@51399530]" started-at="2025-08-31T18:43:38 IST" name="runScenario" description="Runs Cucumber Scenarios" data-provider="scenarios" finished-at="2025-08-31T18:43:46 IST" duration-ms="7917" status="PASS">
          <params>
            <param index="0">
              <value>
                <![CDATA["Viewing the complete city list"]]>
              </value>
            </param>
            <param index="1">
              <value>
                <![CDATA["City Selection Functionality"]]>
              </value>
            </param>
          </params>
          <reporter-output>
          </reporter-output>
        </test-method> <!-- runScenario -->
        <test-method signature="runScenario(io.cucumber.testng.PickleWrapper,io.cucumber.testng.FeatureWrapper)[pri:0, instance:runner.runner@51399530]" started-at="2025-08-31T18:43:46 IST" name="runScenario" description="Runs Cucumber Scenarios" data-provider="scenarios" finished-at="2025-08-31T18:43:55 IST" duration-ms="9333" status="PASS">
          <params>
            <param index="0">
              <value>
                <![CDATA["View details of first recommended movie"]]>
              </value>
            </param>
            <param index="1">
              <value>
                <![CDATA["Movie Browsing"]]>
              </value>
            </param>
          </params>
          <reporter-output>
          </reporter-output>
        </test-method> <!-- runScenario -->
        <test-method signature="runScenario(io.cucumber.testng.PickleWrapper,io.cucumber.testng.FeatureWrapper)[pri:0, instance:runner.runner@51399530]" started-at="2025-08-31T18:43:55 IST" name="runScenario" description="Runs Cucumber Scenarios" data-provider="scenarios" finished-at="2025-08-31T18:44:04 IST" duration-ms="9354" status="PASS">
          <params>
            <param index="0">
              <value>
                <![CDATA["Check upcoming movies link"]]>
              </value>
            </param>
            <param index="1">
              <value>
                <![CDATA["Movie Browsing"]]>
              </value>
            </param>
          </params>
          <reporter-output>
          </reporter-output>
        </test-method> <!-- runScenario -->
        <test-method signature="runScenario(io.cucumber.testng.PickleWrapper,io.cucumber.testng.FeatureWrapper)[pri:0, instance:runner.runner@51399530]" started-at="2025-08-31T18:44:04 IST" name="runScenario" description="Runs Cucumber Scenarios" data-provider="scenarios" finished-at="2025-08-31T18:44:12 IST" duration-ms="7693" status="PASS">
          <params>
            <param index="0">
              <value>
                <![CDATA["Navigate to the Gift Card section and validate Check Gift Card Balance icon"]]>
              </value>
            </param>
            <param index="1">
              <value>
                <![CDATA["Gift Card Module"]]>
              </value>
            </param>
          </params>
          <reporter-output>
          </reporter-output>
        </test-method> <!-- runScenario -->
        <test-method signature="runScenario(io.cucumber.testng.PickleWrapper,io.cucumber.testng.FeatureWrapper)[pri:0, instance:runner.runner@51399530]" started-at="2025-08-31T18:44:12 IST" name="runScenario" description="Runs Cucumber Scenarios" data-provider="scenarios" finished-at="2025-08-31T18:44:21 IST" duration-ms="8874" status="PASS">
          <params>
            <param index="0">
              <value>
                <![CDATA["Validate error message for invalid gift card voucher"]]>
              </value>
            </param>
            <param index="1">
              <value>
                <![CDATA["Gift Card Module"]]>
              </value>
            </param>
          </params>
          <reporter-output>
          </reporter-output>
        </test-method> <!-- runScenario -->
        <test-method signature="runScenario(io.cucumber.testng.PickleWrapper,io.cucumber.testng.FeatureWrapper)[pri:0, instance:runner.runner@51399530]" started-at="2025-08-31T18:44:21 IST" name="runScenario" description="Runs Cucumber Scenarios" data-provider="scenarios" finished-at="2025-08-31T18:44:30 IST" duration-ms="8864" status="PASS">
          <params>
            <param index="0">
              <value>
                <![CDATA["Valid login check using mobile and OTP"]]>
              </value>
            </param>
            <param index="1">
              <value>
                <![CDATA["Login Module"]]>
              </value>
            </param>
          </params>
          <reporter-output>
          </reporter-output>
        </test-method> <!-- runScenario -->
        <test-method signature="runScenario(io.cucumber.testng.PickleWrapper,io.cucumber.testng.FeatureWrapper)[pri:0, instance:runner.runner@51399530]" started-at="2025-08-31T18:44:30 IST" name="runScenario" description="Runs Cucumber Scenarios" data-provider="scenarios" finished-at="2025-08-31T18:44:38 IST" duration-ms="8401" status="PASS">
          <params>
            <param index="0">
              <value>
                <![CDATA["Invalid login check using mobile"]]>
              </value>
            </param>
            <param index="1">
              <value>
                <![CDATA["Login Module"]]>
              </value>
            </param>
          </params>
          <reporter-output>
          </reporter-output>
        </test-method> <!-- runScenario -->
        <test-method signature="runScenario(io.cucumber.testng.PickleWrapper,io.cucumber.testng.FeatureWrapper)[pri:0, instance:runner.runner@51399530]" started-at="2025-08-31T18:44:38 IST" name="runScenario" description="Runs Cucumber Scenarios" data-provider="scenarios" finished-at="2025-08-31T18:44:57 IST" duration-ms="19109" status="PASS">
          <params>
            <param index="0">
              <value>
                <![CDATA["Verify all login UI elements"]]>
              </value>
            </param>
            <param index="1">
              <value>
                <![CDATA["Login Module"]]>
              </value>
            </param>
          </params>
          <reporter-output>
          </reporter-output>
        </test-method> <!-- runScenario -->
        <test-method is-config="true" signature="tearDownClass()[pri:0, instance:runner.runner@51399530]" started-at="2025-08-31T18:44:57 IST" name="tearDownClass" finished-at="2025-08-31T18:44:57 IST" duration-ms="59" status="PASS">
          <reporter-output>
          </reporter-output>
        </test-method> <!-- tearDownClass -->
      </class> <!-- runner.runner -->
    </test> <!-- chromeTest -->
    <test started-at="2025-08-31T18:44:57 IST" name="EdgeTest" finished-at="2025-08-31T18:46:52 IST" duration-ms="114377">
      <class name="runner.runner">
        <test-method is-config="true" signature="setUpClass(org.testng.ITestContext)[pri:0, instance:runner.runner@6ed3ccb2]" started-at="2025-08-31T18:44:57 IST" name="setUpClass" finished-at="2025-08-31T18:44:58 IST" duration-ms="43" status="PASS">
          <params>
            <param index="0">
              <value>
                <![CDATA[org.testng.TestRunner@54e94de9]]>
              </value>
            </param>
          </params>
          <reporter-output>
          </reporter-output>
        </test-method> <!-- setUpClass -->
        <test-method signature="runScenario(io.cucumber.testng.PickleWrapper,io.cucumber.testng.FeatureWrapper)[pri:0, instance:runner.runner@6ed3ccb2]" started-at="2025-08-31T18:44:58 IST" name="runScenario" description="Runs Cucumber Scenarios" data-provider="scenarios" finished-at="2025-08-31T18:45:06 IST" duration-ms="8366" status="PASS">
          <params>
            <param index="0">
              <value>
                <![CDATA["Searching with a valid city name"]]>
              </value>
            </param>
            <param index="1">
              <value>
                <![CDATA["City Selection Functionality"]]>
              </value>
            </param>
          </params>
          <reporter-output>
          </reporter-output>
        </test-method> <!-- runScenario -->
        <test-method signature="runScenario(io.cucumber.testng.PickleWrapper,io.cucumber.testng.FeatureWrapper)[pri:0, instance:runner.runner@6ed3ccb2]" started-at="2025-08-31T18:45:06 IST" name="runScenario" description="Runs Cucumber Scenarios" data-provider="scenarios" finished-at="2025-08-31T18:45:14 IST" duration-ms="7690" status="PASS">
          <params>
            <param index="0">
              <value>
                <![CDATA["Searching with an invalid city name"]]>
              </value>
            </param>
            <param index="1">
              <value>
                <![CDATA["City Selection Functionality"]]>
              </value>
            </param>
          </params>
          <reporter-output>
          </reporter-output>
        </test-method> <!-- runScenario -->
        <test-method signature="runScenario(io.cucumber.testng.PickleWrapper,io.cucumber.testng.FeatureWrapper)[pri:0, instance:runner.runner@6ed3ccb2]" started-at="2025-08-31T18:45:14 IST" name="runScenario" description="Runs Cucumber Scenarios" data-provider="scenarios" finished-at="2025-08-31T18:45:21 IST" duration-ms="7018" status="PASS">
          <params>
            <param index="0">
              <value>
                <![CDATA["Selecting a city by clicking its shortcut icon"]]>
              </value>
            </param>
            <param index="1">
              <value>
                <![CDATA["City Selection Functionality"]]>
              </value>
            </param>
          </params>
          <reporter-output>
          </reporter-output>
        </test-method> <!-- runScenario -->
        <test-method signature="runScenario(io.cucumber.testng.PickleWrapper,io.cucumber.testng.FeatureWrapper)[pri:0, instance:runner.runner@6ed3ccb2]" started-at="2025-08-31T18:45:21 IST" name="runScenario" description="Runs Cucumber Scenarios" data-provider="scenarios" finished-at="2025-08-31T18:45:30 IST" duration-ms="9074" status="PASS">
          <params>
            <param index="0">
              <value>
                <![CDATA["Viewing the complete city list"]]>
              </value>
            </param>
            <param index="1">
              <value>
                <![CDATA["City Selection Functionality"]]>
              </value>
            </param>
          </params>
          <reporter-output>
          </reporter-output>
        </test-method> <!-- runScenario -->
        <test-method signature="runScenario(io.cucumber.testng.PickleWrapper,io.cucumber.testng.FeatureWrapper)[pri:0, instance:runner.runner@6ed3ccb2]" started-at="2025-08-31T18:45:30 IST" name="runScenario" description="Runs Cucumber Scenarios" data-provider="scenarios" finished-at="2025-08-31T18:45:40 IST" duration-ms="10797" status="PASS">
          <params>
            <param index="0">
              <value>
                <![CDATA["View details of first recommended movie"]]>
              </value>
            </param>
            <param index="1">
              <value>
                <![CDATA["Movie Browsing"]]>
              </value>
            </param>
          </params>
          <reporter-output>
          </reporter-output>
        </test-method> <!-- runScenario -->
        <test-method signature="runScenario(io.cucumber.testng.PickleWrapper,io.cucumber.testng.FeatureWrapper)[pri:0, instance:runner.runner@6ed3ccb2]" started-at="2025-08-31T18:45:40 IST" name="runScenario" description="Runs Cucumber Scenarios" data-provider="scenarios" finished-at="2025-08-31T18:45:51 IST" duration-ms="10094" status="PASS">
          <params>
            <param index="0">
              <value>
                <![CDATA["Check upcoming movies link"]]>
              </value>
            </param>
            <param index="1">
              <value>
                <![CDATA["Movie Browsing"]]>
              </value>
            </param>
          </params>
          <reporter-output>
          </reporter-output>
        </test-method> <!-- runScenario -->
        <test-method signature="runScenario(io.cucumber.testng.PickleWrapper,io.cucumber.testng.FeatureWrapper)[pri:0, instance:runner.runner@6ed3ccb2]" started-at="2025-08-31T18:45:51 IST" name="runScenario" description="Runs Cucumber Scenarios" data-provider="scenarios" finished-at="2025-08-31T18:46:00 IST" duration-ms="8941" status="PASS">
          <params>
            <param index="0">
              <value>
                <![CDATA["Navigate to the Gift Card section and validate Check Gift Card Balance icon"]]>
              </value>
            </param>
            <param index="1">
              <value>
                <![CDATA["Gift Card Module"]]>
              </value>
            </param>
          </params>
          <reporter-output>
          </reporter-output>
        </test-method> <!-- runScenario -->
        <test-method signature="runScenario(io.cucumber.testng.PickleWrapper,io.cucumber.testng.FeatureWrapper)[pri:0, instance:runner.runner@6ed3ccb2]" started-at="2025-08-31T18:46:00 IST" name="runScenario" description="Runs Cucumber Scenarios" data-provider="scenarios" finished-at="2025-08-31T18:46:10 IST" duration-ms="9991" status="PASS">
          <params>
            <param index="0">
              <value>
                <![CDATA["Validate error message for invalid gift card voucher"]]>
              </value>
            </param>
            <param index="1">
              <value>
                <![CDATA["Gift Card Module"]]>
              </value>
            </param>
          </params>
          <reporter-output>
          </reporter-output>
        </test-method> <!-- runScenario -->
        <test-method signature="runScenario(io.cucumber.testng.PickleWrapper,io.cucumber.testng.FeatureWrapper)[pri:0, instance:runner.runner@6ed3ccb2]" started-at="2025-08-31T18:46:10 IST" name="runScenario" description="Runs Cucumber Scenarios" data-provider="scenarios" finished-at="2025-08-31T18:46:20 IST" duration-ms="10143" status="PASS">
          <params>
            <param index="0">
              <value>
                <![CDATA["Valid login check using mobile and OTP"]]>
              </value>
            </param>
            <param index="1">
              <value>
                <![CDATA["Login Module"]]>
              </value>
            </param>
          </params>
          <reporter-output>
          </reporter-output>
        </test-method> <!-- runScenario -->
        <test-method signature="runScenario(io.cucumber.testng.PickleWrapper,io.cucumber.testng.FeatureWrapper)[pri:0, instance:runner.runner@6ed3ccb2]" started-at="2025-08-31T18:46:20 IST" name="runScenario" description="Runs Cucumber Scenarios" data-provider="scenarios" finished-at="2025-08-31T18:46:31 IST" duration-ms="10977" status="PASS">
          <params>
            <param index="0">
              <value>
                <![CDATA["Invalid login check using mobile"]]>
              </value>
            </param>
            <param index="1">
              <value>
                <![CDATA["Login Module"]]>
              </value>
            </param>
          </params>
          <reporter-output>
          </reporter-output>
        </test-method> <!-- runScenario -->
        <test-method signature="runScenario(io.cucumber.testng.PickleWrapper,io.cucumber.testng.FeatureWrapper)[pri:0, instance:runner.runner@6ed3ccb2]" started-at="2025-08-31T18:46:31 IST" name="runScenario" description="Runs Cucumber Scenarios" data-provider="scenarios" finished-at="2025-08-31T18:46:52 IST" duration-ms="21197" status="PASS">
          <params>
            <param index="0">
              <value>
                <![CDATA["Verify all login UI elements"]]>
              </value>
            </param>
            <param index="1">
              <value>
                <![CDATA["Login Module"]]>
              </value>
            </param>
          </params>
          <reporter-output>
          </reporter-output>
        </test-method> <!-- runScenario -->
        <test-method is-config="true" signature="tearDownClass()[pri:0, instance:runner.runner@6ed3ccb2]" started-at="2025-08-31T18:46:52 IST" name="tearDownClass" finished-at="2025-08-31T18:46:52 IST" duration-ms="26" status="PASS">
          <reporter-output>
          </reporter-output>
        </test-method> <!-- tearDownClass -->
      </class> <!-- runner.runner -->
    </test> <!-- EdgeTest -->
  </suite> <!-- Suite -->
</testng-results>
